<?xml version="1.0" encoding="UTF-8"?>
<testng-results skipped="0" failed="1" ignored="0" total="2" passed="1">
  <reporter-output>
  </reporter-output>
  <suite name="Suite1" duration-ms="50578" started-at="2020-07-01T15:37:27 IST" finished-at="2020-07-01T15:38:17 IST">
    <groups>
    </groups>
    <test name="Mytest" duration-ms="50578" started-at="2020-07-01T15:37:27 IST" finished-at="2020-07-01T15:38:17 IST">
      <class name="com.hrishi.bb.test.HomePage_BeforeLoginTest">
        <test-method status="PASS" signature="setUp()[pri:0, instance:com.hrishi.bb.test.HomePage_BeforeLoginTest@25359ed8]" name="setUp" is-config="true" duration-ms="20706" started-at="2020-07-01T15:37:27 IST" finished-at="2020-07-01T15:37:47 IST">
          <reporter-output>
          </reporter-output>
        </test-method> <!-- setUp -->
        <test-method status="PASS" signature="TC_home_01()[pri:1, instance:com.hrishi.bb.test.HomePage_BeforeLoginTest@25359ed8]" name="TC_home_01" duration-ms="45" started-at="2020-07-01T15:37:48 IST" finished-at="2020-07-01T15:37:48 IST">
          <reporter-output>
          </reporter-output>
        </test-method> <!-- TC_home_01 -->
        <test-method status="PASS" signature="teardown()[pri:0, instance:com.hrishi.bb.test.HomePage_BeforeLoginTest@25359ed8]" name="teardown" is-config="true" duration-ms="755" started-at="2020-07-01T15:37:48 IST" finished-at="2020-07-01T15:37:49 IST">
          <reporter-output>
          </reporter-output>
        </test-method> <!-- teardown -->
        <test-method status="PASS" signature="setUp()[pri:0, instance:com.hrishi.bb.test.HomePage_BeforeLoginTest@25359ed8]" name="setUp" is-config="true" duration-ms="22111" started-at="2020-07-01T15:37:49 IST" finished-at="2020-07-01T15:38:11 IST">
          <reporter-output>
          </reporter-output>
        </test-method> <!-- setUp -->
        <test-method status="FAIL" signature="TC_home_02()[pri:2, instance:com.hrishi.bb.test.HomePage_BeforeLoginTest@25359ed8]" name="TC_home_02" duration-ms="4887" started-at="2020-07-01T15:38:11 IST" finished-at="2020-07-01T15:38:16 IST">
          <exception class="java.lang.AssertionError">
            <message>
              <![CDATA[expected [Login - 9My Store] but found [Login - My Store]]]>
            </message>
            <full-stacktrace>
              <![CDATA[java.lang.AssertionError: expected [Login - 9My Store] but found [Login - My Store]
at org.testng.Assert.fail(Assert.java:97)
at org.testng.Assert.assertEqualsImpl(Assert.java:136)
at org.testng.Assert.assertEquals(Assert.java:118)
at org.testng.Assert.assertEquals(Assert.java:575)
at org.testng.Assert.assertEquals(Assert.java:585)
at com.hrishi.bb.test.HomePage_BeforeLoginTest.TC_home_02(HomePage_BeforeLoginTest.java:45)
at sun.reflect.NativeMethodAccessorImpl.invoke0(Native Method)
at sun.reflect.NativeMethodAccessorImpl.invoke(NativeMethodAccessorImpl.java:62)
at sun.reflect.DelegatingMethodAccessorImpl.invoke(DelegatingMethodAccessorImpl.java:43)
at java.lang.reflect.Method.invoke(Method.java:498)
at org.testng.internal.MethodInvocationHelper.invokeMethod(MethodInvocationHelper.java:133)
at org.testng.internal.TestInvoker.invokeMethod(TestInvoker.java:584)
at org.testng.internal.TestInvoker.invokeTestMethod(TestInvoker.java:172)
at org.testng.internal.MethodRunner.runInSequence(MethodRunner.java:46)
at org.testng.internal.TestInvoker$MethodInvocationAgent.invoke(TestInvoker.java:804)
at org.testng.internal.TestInvoker.invokeTestMethods(TestInvoker.java:145)
at org.testng.internal.TestMethodWorker.invokeTestMethods(TestMethodWorker.java:146)
at org.testng.internal.TestMethodWorker.run(TestMethodWorker.java:128)
at java.util.ArrayList.forEach(ArrayList.java:1249)
at org.testng.TestRunner.privateRun(TestRunner.java:770)
at org.testng.TestRunner.run(TestRunner.java:591)
at org.testng.SuiteRunner.runTest(SuiteRunner.java:402)
at org.testng.SuiteRunner.runSequentially(SuiteRunner.java:396)
at org.testng.SuiteRunner.privateRun(SuiteRunner.java:355)
at org.testng.SuiteRunner.run(SuiteRunner.java:304)
at org.testng.SuiteRunnerWorker.runSuite(SuiteRunnerWorker.java:53)
at org.testng.SuiteRunnerWorker.run(SuiteRunnerWorker.java:96)
at org.testng.TestNG.runSuitesSequentially(TestNG.java:1180)
at org.testng.TestNG.runSuitesLocally(TestNG.java:1102)
at org.testng.TestNG.runSuites(TestNG.java:1032)
at org.testng.TestNG.run(TestNG.java:1000)
at org.apache.maven.surefire.testng.TestNGExecutor.run(TestNGExecutor.java:284)
at org.apache.maven.surefire.testng.TestNGXmlTestSuite.execute(TestNGXmlTestSuite.java:75)
at org.apache.maven.surefire.testng.TestNGProvider.invoke(TestNGProvider.java:119)
at org.apache.maven.surefire.booter.ForkedBooter.runSuitesInProcess(ForkedBooter.java:428)
at org.apache.maven.surefire.booter.ForkedBooter.execute(ForkedBooter.java:162)
at org.apache.maven.surefire.booter.ForkedBooter.run(ForkedBooter.java:562)
at org.apache.maven.surefire.booter.ForkedBooter.main(ForkedBooter.java:548)
]]>
            </full-stacktrace>
          </exception> <!-- java.lang.AssertionError -->
          <reporter-output>
          </reporter-output>
        </test-method> <!-- TC_home_02 -->
        <test-method status="PASS" signature="teardown()[pri:0, instance:com.hrishi.bb.test.HomePage_BeforeLoginTest@25359ed8]" name="teardown" is-config="true" duration-ms="755" started-at="2020-07-01T15:38:17 IST" finished-at="2020-07-01T15:38:17 IST">
          <reporter-output>
          </reporter-output>
        </test-method> <!-- teardown -->
      </class> <!-- com.hrishi.bb.test.HomePage_BeforeLoginTest -->
    </test> <!-- Mytest -->
  </suite> <!-- Suite1 -->
</testng-results>
